c:\users\velit\desktop\verlet-physics-engine\verlet-p.7793ce80\x64\debug\vc143.pdb
c:\users\velit\desktop\verlet-physics-engine\verlet-p.7793ce80\x64\debug\vc143.idb
c:\users\velit\desktop\verlet-physics-engine\verlet-p.7793ce80\x64\debug\stick.obj
c:\users\velit\desktop\verlet-physics-engine\verlet-p.7793ce80\x64\debug\solver.obj
c:\users\velit\desktop\verlet-physics-engine\verlet-p.7793ce80\x64\debug\myvector.obj
c:\users\velit\desktop\verlet-physics-engine\verlet-p.7793ce80\x64\debug\main.obj
c:\users\velit\desktop\verlet-physics-engine\verlet-p.7793ce80\x64\debug\imgui_widgets.obj
c:\users\velit\desktop\verlet-physics-engine\verlet-p.7793ce80\x64\debug\imgui_tables.obj
c:\users\velit\desktop\verlet-physics-engine\verlet-p.7793ce80\x64\debug\imgui_draw.obj
c:\users\velit\desktop\verlet-physics-engine\verlet-p.7793ce80\x64\debug\imgui.obj
c:\users\velit\desktop\verlet-physics-engine\verlet-p.7793ce80\x64\debug\imgui-sfml.obj
c:\users\velit\desktop\verlet-physics-engine\verlet-p.7793ce80\x64\debug\core.obj
c:\users\velit\desktop\verlet-physics-engine\verlet-p.7793ce80\x64\debug\circle.obj
c:\users\velit\desktop\verlet-physics-engine\x64\debug\verlet-physics-engine.pdb
c:\users\velit\desktop\verlet-physics-engine\verlet-p.7793ce80\x64\debug\verlet-p.7793ce80.tlog\cl.command.1.tlog
c:\users\velit\desktop\verlet-physics-engine\verlet-p.7793ce80\x64\debug\verlet-p.7793ce80.tlog\cl.read.1.tlog
c:\users\velit\desktop\verlet-physics-engine\verlet-p.7793ce80\x64\debug\verlet-p.7793ce80.tlog\cl.write.1.tlog
c:\users\velit\desktop\verlet-physics-engine\verlet-p.7793ce80\x64\debug\verlet-p.7793ce80.tlog\link-cvtres.read.1.tlog
c:\users\velit\desktop\verlet-physics-engine\verlet-p.7793ce80\x64\debug\verlet-p.7793ce80.tlog\link-cvtres.write.1.tlog
c:\users\velit\desktop\verlet-physics-engine\verlet-p.7793ce80\x64\debug\verlet-p.7793ce80.tlog\link-rc.read.1.tlog
c:\users\velit\desktop\verlet-physics-engine\verlet-p.7793ce80\x64\debug\verlet-p.7793ce80.tlog\link-rc.write.1.tlog
c:\users\velit\desktop\verlet-physics-engine\verlet-p.7793ce80\x64\debug\verlet-p.7793ce80.tlog\link.command.1.tlog
c:\users\velit\desktop\verlet-physics-engine\verlet-p.7793ce80\x64\debug\verlet-p.7793ce80.tlog\link.read.1.tlog
c:\users\velit\desktop\verlet-physics-engine\verlet-p.7793ce80\x64\debug\verlet-p.7793ce80.tlog\link.read.2.tlog
c:\users\velit\desktop\verlet-physics-engine\verlet-p.7793ce80\x64\debug\verlet-p.7793ce80.tlog\link.write.1.tlog
